[01:31:09] [main/INFO] (FabricLoader/GameProvider) Loading Minecraft 1.19.2 with Fabric Loader 0.14.9
[01:31:09] [main/INFO] (FabricLoader) Loading 46 mods:
	- clapboards 1.0.0
	- fabric-api 0.67.1+1.19.2
	- fabric-api-base 0.4.13+0d0f210290
	- fabric-api-lookup-api-v1 1.6.12+93d8cb8290
	- fabric-biome-api-v1 9.0.20+0d0f210290
	- fabric-block-api-v1 1.0.1+12bfe4ea90
	- fabric-blockrenderlayer-v1 1.1.22+c6af733c90
	- fabric-client-tags-api-v1 1.0.3+b35fea8390
	- fabric-command-api-v2 2.1.9+93d8cb8290
	- fabric-content-registries-v0 3.4.3+6064db2a90
	- fabric-convention-tags-v1 1.1.3+93d8cb8290
	- fabric-crash-report-info-v1 0.2.7+aeb40ebe90
	- fabric-data-generation-api-v1 5.3.1+ad31814d90
	- fabric-dimensions-v1 2.1.33+0d0f210290
	- fabric-entity-events-v1 1.5.2+9244241690
	- fabric-events-interaction-v0 0.4.30+c6af733c90
	- fabric-game-rule-api-v1 1.0.23+c6af733c90
	- fabric-gametest-api-v1 1.1.4+704e47e990
	- fabric-item-api-v1 1.6.1+fa140d5990
	- fabric-item-groups-v0 0.3.35+9244241690
	- fabric-key-binding-api-v1 1.0.23+aaaf9d3390
	- fabric-lifecycle-events-v1 2.2.2+9244241690
	- fabric-loot-api-v2 1.1.9+83a8659290
	- fabric-message-api-v1 5.0.5+93d8cb8290
	- fabric-mining-level-api-v1 2.1.20+33fbc73890
	- fabric-models-v0 0.3.19+c6af733c90
	- fabric-networking-api-v1 1.2.7+9244241690
	- fabric-object-builder-api-v1 4.1.2+06e0e25190
	- fabric-particles-v1 1.0.12+79adfe0a90
	- fabric-registry-sync-v0 0.9.28+9244241690
	- fabric-renderer-api-v1 1.0.14+12bfe4ea90
	- fabric-renderer-indigo 0.6.16+aeb40ebe90
	- fabric-rendering-data-attachment-v1 0.3.17+0d0f210290
	- fabric-rendering-fluids-v1 3.0.9+c6af733c90
	- fabric-rendering-v1 1.11.1+73145abb90
	- fabric-resource-conditions-api-v1 2.1.1+aae9039d90
	- fabric-resource-loader-v0 0.8.1+0d0f210290
	- fabric-screen-api-v1 1.0.29+0d0f210290
	- fabric-screen-handler-api-v1 1.3.3+1cc24b1b90
	- fabric-sound-api-v1 1.0.1+c4f28df590
	- fabric-textures-v0 1.0.22+aeb40ebe90
	- fabric-transfer-api-v1 2.1.3+9d081d6490
	- fabric-transitive-access-wideners-v1 1.3.2+42d99c3290
	- fabricloader 0.14.9
	- java 17
	- minecraft 1.19.2
[01:31:10] [main/INFO] (FabricLoader/Mixin) SpongePowered MIXIN Subsystem Version=0.8.5 Source=file:/C:/Users/Blaise/.mcreator/gradle/caches/modules-2/files-2.1/net.fabricmc/sponge-mixin/0.11.4+mixin.0.8.5/c1dc27696aa4006e492c2485c9ccbcb26045a971/sponge-mixin-0.11.4+mixin.0.8.5.jar Service=Knot/Fabric Env=CLIENT
[01:31:10] [main/INFO] (FabricLoader/Mixin) Loaded Fabric development mappings for mixin remapper!
[01:31:10] [main/INFO] (FabricLoader/Mixin) Compatibility level set to JAVA_16
[01:31:10] [main/INFO] (FabricLoader/Mixin) Compatibility level set to JAVA_17
[01:31:12] [main/WARN] (FileUtil) Configuration conflict: there is more than one oshi.properties file on the classpath
[01:31:13] [main/WARN] (FileUtil) Configuration conflict: there is more than one oshi.architecture.properties file on the classpath
[01:31:19] [main/INFO] (Minecraft) Building optimized datafixer
[01:31:26] [Render thread/INFO] (Minecraft) Environment: authHost='https://authserver.mojang.com', accountsHost='https://api.mojang.com', sessionHost='https://sessionserver.mojang.com', servicesHost='https://api.minecraftservices.com', name='PROD'
[01:31:27] [Render thread/ERROR] (fabric-screen-api-v1) Failed to verify authentication
com.mojang.authlib.exceptions.InvalidCredentialsException: Status: 401
	at com.mojang.authlib.exceptions.MinecraftClientHttpException.toAuthenticationException(MinecraftClientHttpException.java:56) ~[authlib-3.11.49.jar:?]
	at com.mojang.authlib.yggdrasil.YggdrasilUserApiService.fetchProperties(YggdrasilUserApiService.java:155) ~[authlib-3.11.49.jar:?]
	at com.mojang.authlib.yggdrasil.YggdrasilUserApiService.<init>(YggdrasilUserApiService.java:55) ~[authlib-3.11.49.jar:?]
	at com.mojang.authlib.yggdrasil.YggdrasilAuthenticationService.createUserApiService(YggdrasilAuthenticationService.java:161) ~[authlib-3.11.49.jar:?]
	at net.minecraft.client.Minecraft.createUserApiService(Minecraft.java:626) [minecraft-project-@-merged-named.jar:?]
	at net.minecraft.client.Minecraft.<init>(Minecraft.java:428) [minecraft-project-@-merged-named.jar:?]
	at net.minecraft.client.main.Main.run(Main.java:184) [minecraft-project-@-merged-named.jar:?]
	at net.minecraft.client.main.Main.main(Main.java:55) [minecraft-project-@-merged-named.jar:?]
	at net.fabricmc.loader.impl.game.minecraft.MinecraftGameProvider.launch(MinecraftGameProvider.java:461) [fabric-loader-0.14.9.jar:?]
	at net.fabricmc.loader.impl.launch.knot.Knot.launch(Knot.java:74) [fabric-loader-0.14.9.jar:?]
	at net.fabricmc.loader.impl.launch.knot.KnotClient.main(KnotClient.java:23) [fabric-loader-0.14.9.jar:?]
	at net.fabricmc.devlaunchinjector.Main.main(Main.java:86) [dev-launch-injector-0.2.1+build.8.jar:?]
Caused by: com.mojang.authlib.exceptions.MinecraftClientHttpException: Status: 401
	at com.mojang.authlib.minecraft.client.MinecraftClient.readInputStream(MinecraftClient.java:85) ~[authlib-3.11.49.jar:?]
	at com.mojang.authlib.minecraft.client.MinecraftClient.get(MinecraftClient.java:48) ~[authlib-3.11.49.jar:?]
	at com.mojang.authlib.yggdrasil.YggdrasilUserApiService.fetchProperties(YggdrasilUserApiService.java:129) ~[authlib-3.11.49.jar:?]
	... 10 more
[01:31:27] [Render thread/INFO] (fabric-screen-api-v1) Setting user: Player837
[01:31:27] [Render thread/INFO] (ClapboardsMod) Initializing ClapboardsMod
[01:31:28] [Render thread/INFO] (Indigo) [Indigo] Registering Indigo renderer!
[01:31:30] [Render thread/INFO] (fabric-screen-api-v1) Backend library: LWJGL version 3.3.1 SNAPSHOT
[01:31:40] [Worker-Main-16/ERROR] (Minecraft) Failed to retrieve profile key pair
java.io.IOException: Could not retrieve profile key pair
	at net.minecraft.client.multiplayer.ProfileKeyPairManager.fetchProfileKeyPair(ProfileKeyPairManager.java:151) ~[minecraft-project-@-merged-named.jar:?]
	at net.minecraft.client.multiplayer.ProfileKeyPairManager.method_44291(ProfileKeyPairManager.java:72) ~[minecraft-project-@-merged-named.jar:?]
	at java.util.concurrent.CompletableFuture$AsyncSupply.run(CompletableFuture.java:1768) [?:?]
	at java.util.concurrent.CompletableFuture$AsyncSupply.exec(CompletableFuture.java:1760) [?:?]
	at java.util.concurrent.ForkJoinTask.doExec(ForkJoinTask.java:373) [?:?]
	at java.util.concurrent.ForkJoinPool$WorkQueue.topLevelExec(ForkJoinPool.java:1182) [?:?]
	at java.util.concurrent.ForkJoinPool.scan(ForkJoinPool.java:1655) [?:?]
	at java.util.concurrent.ForkJoinPool.runWorker(ForkJoinPool.java:1622) [?:?]
	at java.util.concurrent.ForkJoinWorkerThread.run(ForkJoinWorkerThread.java:165) [?:?]
[01:31:40] [Render thread/INFO] (Minecraft) Reloading ResourceManager: Default, Fabric Mods (Fabric Data Generation API (v1), Fabric Registry Sync (v0), Fabric API Base, Fabric Message API (v1), Fabric Entity Events (v1), Fabric Lifecycle Events (v1), Fabric Loot API (v2), Fabric Mining Level API (v1), Fabric Rendering Fluids (v1), Fabric Particles (v1), Fabric Game Rule API (v1), Fabric Biome API (v1), Fabric Events Interaction (v0), Fabric Networking API (v1), Fabric Object Builder API (v1), Fabric Dimensions API (v1), Fabric Item API (v1), Fabric API, Fabric Textures (v0), Fabric Screen Handler API (v1), Fabric Resource Loader (v0), Fabric Resource Conditions API (v1), Fabric Renderer API (v1), Fabric Transfer API (v1), clapboards, Fabric Crash Report Info (v1), Fabric Content Registries (v0), Fabric Screen API (v1), Fabric Command API (v2), Fabric Sound API (v1), Fabric API Lookup API (v1), Fabric Key Binding API (v1), Fabric Loader, Fabric Rendering Data Attachment (v1), Fabric Game Test API (v1), Fabric Item Groups (v0), Fabric BlockRenderLayer Registration (v1), Fabric Rendering (v1), Fabric Renderer - Indigo, Fabric Client Tags, Fabric Convention Tags, Fabric Transitive Access Wideners (v1), Fabric Models (v0))
[01:31:41] [Realms Notification Availability checker #1/INFO] (Minecraft) Could not authorize you against Realms server: Invalid session id
[01:31:44] [Render thread/WARN] (Minecraft) Missing sound for event: minecraft:item.goat_horn.play
[01:31:44] [Render thread/WARN] (Minecraft) Missing sound for event: minecraft:entity.goat.screaming.horn_break
[01:31:45] [Render thread/INFO] (Minecraft) OpenAL initialized on device OpenAL Soft on Headphones (Realtek(R) Audio)
[01:31:45] [Render thread/INFO] (Minecraft) Sound engine started
[01:31:45] [Render thread/INFO] (Minecraft) Created: 1024x1024x2 minecraft:textures/atlas/blocks.png-atlas
[01:31:45] [Render thread/INFO] (Minecraft) Created: 256x128x2 minecraft:textures/atlas/signs.png-atlas
[01:31:45] [Render thread/INFO] (Minecraft) Created: 1024x512x2 minecraft:textures/atlas/banner_patterns.png-atlas
[01:31:45] [Render thread/INFO] (Minecraft) Created: 1024x512x2 minecraft:textures/atlas/shield_patterns.png-atlas
[01:31:45] [Render thread/INFO] (Minecraft) Created: 256x256x2 minecraft:textures/atlas/chest.png-atlas
[01:31:45] [Render thread/INFO] (Minecraft) Created: 512x256x2 minecraft:textures/atlas/beds.png-atlas
[01:31:45] [Render thread/INFO] (Minecraft) Created: 512x256x2 minecraft:textures/atlas/shulker_boxes.png-atlas
[01:31:47] [Render thread/WARN] (Minecraft) Shader rendertype_entity_translucent_emissive could not find sampler named Sampler2 in the specified shader program.
[01:31:47] [Render thread/INFO] (Minecraft) Created: 512x256x0 minecraft:textures/atlas/particles.png-atlas
[01:31:47] [Render thread/INFO] (Minecraft) Created: 256x256x0 minecraft:textures/atlas/paintings.png-atlas
[01:31:47] [Render thread/INFO] (Minecraft) Created: 256x128x0 minecraft:textures/atlas/mob_effects.png-atlas
[01:31:51] [Worker-Bootstrap-8/INFO] (Minecraft) 4283 Datafixer optimizations took 31717 milliseconds
[01:31:54] [Render thread/INFO] (Minecraft) Loaded 7 recipes
[01:31:55] [Render thread/INFO] (Minecraft) Loaded 1179 advancements
[01:31:56] [Worker-Main-29/ERROR] (Minecraft) Failed to retrieve profile key pair
java.io.IOException: Could not retrieve profile key pair
	at net.minecraft.client.multiplayer.ProfileKeyPairManager.fetchProfileKeyPair(ProfileKeyPairManager.java:151) ~[minecraft-project-@-merged-named.jar:?]
	at net.minecraft.client.multiplayer.ProfileKeyPairManager.method_44291(ProfileKeyPairManager.java:72) ~[minecraft-project-@-merged-named.jar:?]
	at java.util.concurrent.CompletableFuture$AsyncSupply.run(CompletableFuture.java:1768) [?:?]
	at java.util.concurrent.CompletableFuture$AsyncSupply.exec(CompletableFuture.java:1760) [?:?]
	at java.util.concurrent.ForkJoinTask.doExec(ForkJoinTask.java:373) [?:?]
	at java.util.concurrent.ForkJoinPool$WorkQueue.topLevelExec(ForkJoinPool.java:1182) [?:?]
	at java.util.concurrent.ForkJoinPool.scan(ForkJoinPool.java:1655) [?:?]
	at java.util.concurrent.ForkJoinPool.runWorker(ForkJoinPool.java:1622) [?:?]
	at java.util.concurrent.ForkJoinWorkerThread.run(ForkJoinWorkerThread.java:165) [?:?]
[01:31:56] [Render thread/INFO] (BiomeModificationImpl) Applied 0 biome modifications to 0 of 63 new biomes in 3.667 ms
[01:31:56] [Server thread/INFO] (Minecraft) Starting integrated minecraft server version 1.19.2
[01:31:56] [Server thread/INFO] (Minecraft) Generating keypair
[01:31:57] [Server thread/INFO] (Minecraft) Preparing start region for dimension minecraft:overworld
[01:32:00] [Render thread/INFO] (Minecraft) Preparing spawn area: 0%
[01:32:00] [Render thread/INFO] (Minecraft) Preparing spawn area: 0%
[01:32:00] [Render thread/INFO] (Minecraft) Preparing spawn area: 0%
[01:32:00] [Render thread/INFO] (Minecraft) Preparing spawn area: 0%
[01:32:00] [Render thread/INFO] (Minecraft) Preparing spawn area: 0%
[01:32:00] [Render thread/INFO] (Minecraft) Preparing spawn area: 0%
[01:32:00] [Render thread/INFO] (Minecraft) Preparing spawn area: 0%
[01:32:00] [Render thread/INFO] (Minecraft) Preparing spawn area: 4%
[01:32:01] [Render thread/INFO] (Minecraft) Preparing spawn area: 42%
[01:32:01] [Render thread/INFO] (Minecraft) Preparing spawn area: 88%
[01:32:01] [Render thread/INFO] (Minecraft) Time elapsed: 4605 ms
[01:32:02] [Server thread/INFO] (Minecraft) Changing view distance to 8, from 10
[01:32:02] [Server thread/INFO] (Minecraft) Changing simulation distance to 12, from 0
[01:32:03] [Server thread/INFO] (Minecraft) Player837[local:E:187f2f6e] logged in with entity id 217 at (-5.493511739790578, 68.0, 44.42049535792059)
[01:32:04] [Server thread/INFO] (Minecraft) Player837 joined the game
[01:32:07] [Render thread/INFO] (Minecraft) Loaded 31 advancements
[01:33:26] [Server thread/INFO] (Minecraft) Saving and pausing game...
[01:33:26] [Server thread/INFO] (Minecraft) Saving chunks for level 'ServerLevel[Clapboards Test]'/minecraft:overworld
[01:33:26] [Server thread/INFO] (Minecraft) Saving chunks for level 'ServerLevel[Clapboards Test]'/minecraft:the_end
[01:33:26] [Server thread/INFO] (Minecraft) Saving chunks for level 'ServerLevel[Clapboards Test]'/minecraft:the_nether
[01:33:41] [Server thread/INFO] (Minecraft) Saving and pausing game...
[01:33:41] [Server thread/INFO] (Minecraft) Saving chunks for level 'ServerLevel[Clapboards Test]'/minecraft:overworld
[01:33:41] [Server thread/INFO] (Minecraft) Saving chunks for level 'ServerLevel[Clapboards Test]'/minecraft:the_end
[01:33:41] [Server thread/INFO] (Minecraft) Saving chunks for level 'ServerLevel[Clapboards Test]'/minecraft:the_nether
[01:33:41] [Render thread/INFO] (fabric-screen-api-v1) Stopping!
[01:33:41] [Server thread/INFO] (Minecraft) Player837 lost connection: Disconnected
[01:33:41] [Server thread/INFO] (Minecraft) Player837 left the game
[01:33:41] [Server thread/INFO] (Minecraft) Stopping singleplayer server as player logged out
[01:33:41] [Server thread/INFO] (Minecraft) Stopping server
[01:33:41] [Server thread/INFO] (Minecraft) Saving players
[01:33:41] [Server thread/INFO] (Minecraft) Saving worlds
[01:33:42] [Server thread/INFO] (Minecraft) Saving chunks for level 'ServerLevel[Clapboards Test]'/minecraft:overworld
[01:33:43] [Server thread/INFO] (Minecraft) Saving chunks for level 'ServerLevel[Clapboards Test]'/minecraft:the_end
[01:33:43] [Server thread/INFO] (Minecraft) Saving chunks for level 'ServerLevel[Clapboards Test]'/minecraft:the_nether
[01:33:43] [Server thread/INFO] (Minecraft) ThreadedAnvilChunkStorage (Clapboards Test): All chunks are saved
[01:33:43] [Server thread/INFO] (Minecraft) ThreadedAnvilChunkStorage (DIM1): All chunks are saved
[01:33:43] [Server thread/INFO] (Minecraft) ThreadedAnvilChunkStorage (DIM-1): All chunks are saved
[01:33:43] [Server thread/INFO] (Minecraft) ThreadedAnvilChunkStorage: All dimensions are saved
